<?xml version="1.0" encoding="UTF-8"?>
<testsuite xmlns:xsi="http://www.w3.org/2001/XMLSchema-instance" xsi:noNamespaceSchemaLocation="https://maven.apache.org/surefire/maven-surefire-plugin/xsd/surefire-test-report.xsd" name="com.lv.spring.mongoTest" time="10.992" tests="4" errors="0" skipped="0" failures="0">
  <properties>
[...]
</properties>
  <testcase name="getoneUser" classname="com.lv.spring.mongoTest" time="0.696"/>
  <testcase name="find" classname="com.lv.spring.mongoTest" time="0.099"/>
  <testcase name="save" classname="com.lv.spring.mongoTest" time="0.033"/>
  <testcase name="getByPage" classname="com.lv.spring.mongoTest" time="0.004"/>
</testsuite>